<?xml version="1.0" encoding="UTF-8"?>
<coverage generated="1766943416585" clover="3.2.0">
  <project timestamp="1766943416586" name="All files">
    <metrics statements="31" coveredstatements="29" conditionals="12" coveredconditionals="12" methods="9" coveredmethods="7" elements="52" coveredelements="48" complexity="0" loc="31" ncloc="31" packages="2" files="4" classes="4"/>
    <package name="helpers">
      <metrics statements="14" coveredstatements="12" conditionals="0" coveredconditionals="0" methods="7" coveredmethods="5"/>
      <file name="http-responses.js" path="C:\workbspace\node-clean-arch\src\presentation\helpers\http-responses.js">
        <metrics statements="8" coveredstatements="6" conditionals="0" coveredconditionals="0" methods="5" coveredmethods="3"/>
        <line num="1" count="1" type="stmt"/>
        <line num="2" count="1" type="stmt"/>
        <line num="4" count="1" type="stmt"/>
        <line num="6" count="2" type="stmt"/>
        <line num="13" count="4" type="stmt"/>
        <line num="19" count="0" type="stmt"/>
        <line num="25" count="2" type="stmt"/>
        <line num="32" count="0" type="stmt"/>
      </file>
      <file name="missing-param-error.js" path="C:\workbspace\node-clean-arch\src\presentation\helpers\missing-param-error.js">
        <metrics statements="3" coveredstatements="3" conditionals="0" coveredconditionals="0" methods="1" coveredmethods="1"/>
        <line num="1" count="1" type="stmt"/>
        <line num="3" count="4" type="stmt"/>
        <line num="4" count="4" type="stmt"/>
      </file>
      <file name="unauthorized-error.js" path="C:\workbspace\node-clean-arch\src\presentation\helpers\unauthorized-error.js">
        <metrics statements="3" coveredstatements="3" conditionals="0" coveredconditionals="0" methods="1" coveredmethods="1"/>
        <line num="1" count="1" type="stmt"/>
        <line num="3" count="3" type="stmt"/>
        <line num="4" count="3" type="stmt"/>
      </file>
    </package>
    <package name="routers">
      <metrics statements="17" coveredstatements="17" conditionals="12" coveredconditionals="12" methods="2" coveredmethods="2"/>
      <file name="login-router.js" path="C:\workbspace\node-clean-arch\src\presentation\routers\login-router.js">
        <metrics statements="17" coveredstatements="17" conditionals="12" coveredconditionals="12" methods="2" coveredmethods="2"/>
        <line num="1" count="1" type="stmt"/>
        <line num="3" count="1" type="stmt"/>
        <line num="5" count="8" type="stmt"/>
        <line num="9" count="8" type="cond" truecount="2" falsecount="0"/>
        <line num="10" count="1" type="stmt"/>
        <line num="12" count="7" type="cond" truecount="2" falsecount="0"/>
        <line num="13" count="1" type="stmt"/>
        <line num="15" count="6" type="cond" truecount="2" falsecount="0"/>
        <line num="16" count="1" type="stmt"/>
        <line num="18" count="5" type="cond" truecount="2" falsecount="0"/>
        <line num="19" count="1" type="stmt"/>
        <line num="23" count="4" type="cond" truecount="2" falsecount="0"/>
        <line num="24" count="1" type="stmt"/>
        <line num="26" count="3" type="cond" truecount="2" falsecount="0"/>
        <line num="27" count="1" type="stmt"/>
        <line num="29" count="2" type="stmt"/>
        <line num="30" count="2" type="stmt"/>
      </file>
    </package>
  </project>
</coverage>
