<?xml version="1.0" encoding="UTF-8"?>
<coverage generated="1766881297980" clover="3.2.0">
  <project timestamp="1766881297980" name="All files">
    <metrics statements="21" coveredstatements="20" conditionals="10" coveredconditionals="9" methods="6" coveredmethods="5" elements="37" coveredelements="34" complexity="0" loc="21" ncloc="21" packages="2" files="3" classes="3"/>
    <package name="helpers">
      <metrics statements="8" coveredstatements="7" conditionals="0" coveredconditionals="0" methods="4" coveredmethods="3"/>
      <file name="http-responses.js" path="C:\workbspace\node-clean-arch\src\presentation\helpers\http-responses.js">
        <metrics statements="5" coveredstatements="4" conditionals="0" coveredconditionals="0" methods="3" coveredmethods="2"/>
        <line num="1" count="1" type="stmt"/>
        <line num="2" count="1" type="stmt"/>
        <line num="4" count="2" type="stmt"/>
        <line num="11" count="2" type="stmt"/>
        <line num="17" count="0" type="stmt"/>
      </file>
      <file name="missing-param-error.js" path="C:\workbspace\node-clean-arch\src\presentation\helpers\missing-param-error.js">
        <metrics statements="3" coveredstatements="3" conditionals="0" coveredconditionals="0" methods="1" coveredmethods="1"/>
        <line num="1" count="1" type="stmt"/>
        <line num="3" count="4" type="stmt"/>
        <line num="4" count="4" type="stmt"/>
      </file>
    </package>
    <package name="routers">
      <metrics statements="13" coveredstatements="13" conditionals="10" coveredconditionals="9" methods="2" coveredmethods="2"/>
      <file name="login-router.js" path="C:\workbspace\node-clean-arch\src\presentation\routers\login-router.js">
        <metrics statements="13" coveredstatements="13" conditionals="10" coveredconditionals="9" methods="2" coveredmethods="2"/>
        <line num="1" count="1" type="stmt"/>
        <line num="3" count="1" type="stmt"/>
        <line num="5" count="5" type="stmt"/>
        <line num="9" count="5" type="cond" truecount="2" falsecount="0"/>
        <line num="10" count="1" type="stmt"/>
        <line num="12" count="4" type="cond" truecount="2" falsecount="0"/>
        <line num="13" count="1" type="stmt"/>
        <line num="16" count="3" type="cond" truecount="1" falsecount="1"/>
        <line num="17" count="3" type="cond" truecount="2" falsecount="0"/>
        <line num="18" count="1" type="stmt"/>
        <line num="20" count="2" type="cond" truecount="2" falsecount="0"/>
        <line num="21" count="1" type="stmt"/>
        <line num="23" count="1" type="stmt"/>
      </file>
    </package>
  </project>
</coverage>
