{"C:\\workbspace\\node-clean-arch\\domain\\usecases\\auth-usecase.js": {"path":"C:\\workbspace\\node-clean-arch\\domain\\usecases\\auth-usecase.js","statementMap":{"0":{"start":{"line":1,"column":30},"end":{"line":1,"column":58}},"1":{"start":{"line":3,"column":0},"end":{"line":24,"column":1}},"2":{"start":{"line":8,"column":4},"end":{"line":8,"column":62}},"3":{"start":{"line":9,"column":4},"end":{"line":9,"column":30}},"4":{"start":{"line":10,"column":4},"end":{"line":10,"column":40}},"5":{"start":{"line":14,"column":4},"end":{"line":14,"column":52}},"6":{"start":{"line":14,"column":16},"end":{"line":14,"column":52}},"7":{"start":{"line":15,"column":4},"end":{"line":15,"column":58}},"8":{"start":{"line":15,"column":19},"end":{"line":15,"column":58}},"9":{"start":{"line":16,"column":17},"end":{"line":16,"column":65}},"10":{"start":{"line":17,"column":20},"end":{"line":17,"column":81}},"11":{"start":{"line":18,"column":4},"end":{"line":21,"column":5}},"12":{"start":{"line":19,"column":26},"end":{"line":19,"column":69}},"13":{"start":{"line":20,"column":6},"end":{"line":20,"column":24}},"14":{"start":{"line":22,"column":4},"end":{"line":22,"column":15}}},"fnMap":{"0":{"name":"(anonymous_0)","decl":{"start":{"line":4,"column":2},"end":{"line":4,"column":3}},"loc":{"start":{"line":7,"column":22},"end":{"line":11,"column":3}},"line":7},"1":{"name":"(anonymous_1)","decl":{"start":{"line":13,"column":2},"end":{"line":13,"column":3}},"loc":{"start":{"line":13,"column":40},"end":{"line":23,"column":3}},"line":13}},"branchMap":{"0":{"loc":{"start":{"line":13,"column":14},"end":{"line":13,"column":38}},"type":"default-arg","locations":[{"start":{"line":13,"column":36},"end":{"line":13,"column":38}}],"line":13},"1":{"loc":{"start":{"line":14,"column":4},"end":{"line":14,"column":52}},"type":"if","locations":[{"start":{"line":14,"column":4},"end":{"line":14,"column":52}},{"start":{},"end":{}}],"line":14},"2":{"loc":{"start":{"line":15,"column":4},"end":{"line":15,"column":58}},"type":"if","locations":[{"start":{"line":15,"column":4},"end":{"line":15,"column":58}},{"start":{},"end":{}}],"line":15},"3":{"loc":{"start":{"line":17,"column":20},"end":{"line":17,"column":81}},"type":"binary-expr","locations":[{"start":{"line":17,"column":20},"end":{"line":17,"column":24}},{"start":{"line":17,"column":28},"end":{"line":17,"column":81}}],"line":17},"4":{"loc":{"start":{"line":18,"column":4},"end":{"line":21,"column":5}},"type":"if","locations":[{"start":{"line":18,"column":4},"end":{"line":21,"column":5}},{"start":{},"end":{}}],"line":18}},"s":{"0":1,"1":1,"2":11,"3":11,"4":11,"5":11,"6":2,"7":9,"8":1,"9":8,"10":6,"11":6,"12":4,"13":4,"14":2},"f":{"0":11,"1":11},"b":{"0":[1],"1":[2,9],"2":[1,8],"3":[6,5],"4":[4,2]},"_coverageSchema":"1a1c01bbd47fc00a2c39e90264f33305004495a9","hash":"ec23000aef8fe0e4b804aa88708abd3f2f1c279a"}
,"C:\\workbspace\\node-clean-arch\\src\\presentation\\errors\\index.js": {"path":"C:\\workbspace\\node-clean-arch\\src\\presentation\\errors\\index.js","statementMap":{"0":{"start":{"line":1,"column":26},"end":{"line":1,"column":65}},"1":{"start":{"line":2,"column":20},"end":{"line":2,"column":53}},"2":{"start":{"line":3,"column":26},"end":{"line":3,"column":77}},"3":{"start":{"line":4,"column":26},"end":{"line":4,"column":77}},"4":{"start":{"line":6,"column":0},"end":{"line":11,"column":1}}},"fnMap":{},"branchMap":{},"s":{"0":1,"1":1,"2":1,"3":1,"4":1},"f":{},"b":{},"_coverageSchema":"1a1c01bbd47fc00a2c39e90264f33305004495a9","hash":"0fe10fb967ec09c459519b6ebd2c57649971d598"}
,"C:\\workbspace\\node-clean-arch\\src\\presentation\\errors\\server-error.js": {"path":"C:\\workbspace\\node-clean-arch\\src\\presentation\\errors\\server-error.js","statementMap":{"0":{"start":{"line":1,"column":0},"end":{"line":6,"column":1}},"1":{"start":{"line":3,"column":4},"end":{"line":3,"column":34}},"2":{"start":{"line":4,"column":4},"end":{"line":4,"column":29}}},"fnMap":{"0":{"name":"(anonymous_0)","decl":{"start":{"line":2,"column":2},"end":{"line":2,"column":3}},"loc":{"start":{"line":2,"column":17},"end":{"line":5,"column":3}},"line":2}},"branchMap":{},"s":{"0":1,"1":10,"2":10},"f":{"0":10},"b":{},"_coverageSchema":"1a1c01bbd47fc00a2c39e90264f33305004495a9","hash":"b580f6c38ddf4af5db9e7bc6054dec1d5f75f8b2"}
,"C:\\workbspace\\node-clean-arch\\src\\presentation\\errors\\unauthorized-error.js": {"path":"C:\\workbspace\\node-clean-arch\\src\\presentation\\errors\\unauthorized-error.js","statementMap":{"0":{"start":{"line":1,"column":0},"end":{"line":6,"column":1}},"1":{"start":{"line":3,"column":4},"end":{"line":3,"column":25}},"2":{"start":{"line":4,"column":4},"end":{"line":4,"column":35}}},"fnMap":{"0":{"name":"(anonymous_0)","decl":{"start":{"line":2,"column":2},"end":{"line":2,"column":3}},"loc":{"start":{"line":2,"column":17},"end":{"line":5,"column":3}},"line":2}},"branchMap":{},"s":{"0":1,"1":2,"2":2},"f":{"0":2},"b":{},"_coverageSchema":"1a1c01bbd47fc00a2c39e90264f33305004495a9","hash":"faff55ac5fbf315ab4f9aa19edc9a45e8fdde067"}
,"C:\\workbspace\\node-clean-arch\\src\\presentation\\helpers\\http-responses.js": {"path":"C:\\workbspace\\node-clean-arch\\src\\presentation\\helpers\\http-responses.js","statementMap":{"0":{"start":{"line":1,"column":43},"end":{"line":1,"column":63}},"1":{"start":{"line":3,"column":0},"end":{"line":37,"column":1}},"2":{"start":{"line":5,"column":4},"end":{"line":8,"column":5}},"3":{"start":{"line":12,"column":4},"end":{"line":15,"column":5}},"4":{"start":{"line":19,"column":4},"end":{"line":22,"column":5}},"5":{"start":{"line":26,"column":4},"end":{"line":29,"column":5}}},"fnMap":{"0":{"name":"(anonymous_0)","decl":{"start":{"line":4,"column":2},"end":{"line":4,"column":3}},"loc":{"start":{"line":4,"column":28},"end":{"line":9,"column":3}},"line":4},"1":{"name":"(anonymous_1)","decl":{"start":{"line":11,"column":2},"end":{"line":11,"column":3}},"loc":{"start":{"line":11,"column":24},"end":{"line":16,"column":3}},"line":11},"2":{"name":"(anonymous_2)","decl":{"start":{"line":18,"column":2},"end":{"line":18,"column":3}},"loc":{"start":{"line":18,"column":19},"end":{"line":23,"column":3}},"line":18},"3":{"name":"(anonymous_3)","decl":{"start":{"line":25,"column":2},"end":{"line":25,"column":3}},"loc":{"start":{"line":25,"column":30},"end":{"line":30,"column":3}},"line":25}},"branchMap":{},"s":{"0":1,"1":1,"2":3,"3":5,"4":3,"5":1},"f":{"0":3,"1":5,"2":3,"3":1},"b":{},"_coverageSchema":"1a1c01bbd47fc00a2c39e90264f33305004495a9","hash":"67b26dbfc7a8d97ebb7470069d515e5a2cd0b50d"}
,"C:\\workbspace\\node-clean-arch\\src\\presentation\\routers\\login-router.js": {"path":"C:\\workbspace\\node-clean-arch\\src\\presentation\\routers\\login-router.js","statementMap":{"0":{"start":{"line":1,"column":21},"end":{"line":1,"column":57}},"1":{"start":{"line":2,"column":49},"end":{"line":2,"column":69}},"2":{"start":{"line":3,"column":0},"end":{"line":47,"column":1}},"3":{"start":{"line":5,"column":4},"end":{"line":5,"column":40}},"4":{"start":{"line":6,"column":4},"end":{"line":6,"column":46}},"5":{"start":{"line":10,"column":4},"end":{"line":45,"column":5}},"6":{"start":{"line":11,"column":6},"end":{"line":13,"column":7}},"7":{"start":{"line":12,"column":8},"end":{"line":12,"column":47}},"8":{"start":{"line":14,"column":6},"end":{"line":16,"column":7}},"9":{"start":{"line":15,"column":8},"end":{"line":15,"column":47}},"10":{"start":{"line":17,"column":6},"end":{"line":19,"column":7}},"11":{"start":{"line":18,"column":8},"end":{"line":18,"column":47}},"12":{"start":{"line":20,"column":6},"end":{"line":22,"column":7}},"13":{"start":{"line":21,"column":8},"end":{"line":21,"column":47}},"14":{"start":{"line":25,"column":6},"end":{"line":27,"column":7}},"15":{"start":{"line":26,"column":8},"end":{"line":26,"column":76}},"16":{"start":{"line":32,"column":6},"end":{"line":34,"column":7}},"17":{"start":{"line":33,"column":8},"end":{"line":33,"column":76}},"18":{"start":{"line":35,"column":6},"end":{"line":37,"column":7}},"19":{"start":{"line":36,"column":8},"end":{"line":36,"column":79}},"20":{"start":{"line":38,"column":26},"end":{"line":38,"column":73}},"21":{"start":{"line":39,"column":6},"end":{"line":41,"column":7}},"22":{"start":{"line":40,"column":8},"end":{"line":40,"column":53}},"23":{"start":{"line":42,"column":6},"end":{"line":42,"column":51}},"24":{"start":{"line":44,"column":6},"end":{"line":44,"column":45}}},"fnMap":{"0":{"name":"(anonymous_0)","decl":{"start":{"line":4,"column":2},"end":{"line":4,"column":3}},"loc":{"start":{"line":4,"column":50},"end":{"line":7,"column":3}},"line":4},"1":{"name":"(anonymous_1)","decl":{"start":{"line":9,"column":2},"end":{"line":9,"column":3}},"loc":{"start":{"line":9,"column":28},"end":{"line":46,"column":3}},"line":9}},"branchMap":{"0":{"loc":{"start":{"line":11,"column":6},"end":{"line":13,"column":7}},"type":"if","locations":[{"start":{"line":11,"column":6},"end":{"line":13,"column":7}},{"start":{},"end":{}}],"line":11},"1":{"loc":{"start":{"line":14,"column":6},"end":{"line":16,"column":7}},"type":"if","locations":[{"start":{"line":14,"column":6},"end":{"line":16,"column":7}},{"start":{},"end":{}}],"line":14},"2":{"loc":{"start":{"line":17,"column":6},"end":{"line":19,"column":7}},"type":"if","locations":[{"start":{"line":17,"column":6},"end":{"line":19,"column":7}},{"start":{},"end":{}}],"line":17},"3":{"loc":{"start":{"line":20,"column":6},"end":{"line":22,"column":7}},"type":"if","locations":[{"start":{"line":20,"column":6},"end":{"line":22,"column":7}},{"start":{},"end":{}}],"line":20},"4":{"loc":{"start":{"line":25,"column":6},"end":{"line":27,"column":7}},"type":"if","locations":[{"start":{"line":25,"column":6},"end":{"line":27,"column":7}},{"start":{},"end":{}}],"line":25},"5":{"loc":{"start":{"line":32,"column":6},"end":{"line":34,"column":7}},"type":"if","locations":[{"start":{"line":32,"column":6},"end":{"line":34,"column":7}},{"start":{},"end":{}}],"line":32},"6":{"loc":{"start":{"line":35,"column":6},"end":{"line":37,"column":7}},"type":"if","locations":[{"start":{"line":35,"column":6},"end":{"line":37,"column":7}},{"start":{},"end":{}}],"line":35},"7":{"loc":{"start":{"line":39,"column":6},"end":{"line":41,"column":7}},"type":"if","locations":[{"start":{"line":39,"column":6},"end":{"line":41,"column":7}},{"start":{},"end":{}}],"line":39}},"s":{"0":1,"1":1,"2":1,"3":12,"4":12,"5":12,"6":12,"7":1,"8":11,"9":1,"10":10,"11":1,"12":9,"13":1,"14":8,"15":1,"16":7,"17":1,"18":6,"19":1,"20":5,"21":4,"22":3,"23":1,"24":1},"f":{"0":12,"1":12},"b":{"0":[1,11],"1":[1,10],"2":[1,9],"3":[1,8],"4":[1,7],"5":[1,6],"6":[1,5],"7":[3,1]},"_coverageSchema":"1a1c01bbd47fc00a2c39e90264f33305004495a9","hash":"f8fe2bcb9126db31115f8773b11707f5bba648bb"}
,"C:\\workbspace\\node-clean-arch\\utils\\erros\\index.js": {"path":"C:\\workbspace\\node-clean-arch\\utils\\erros\\index.js","statementMap":{"0":{"start":{"line":1,"column":26},"end":{"line":1,"column":58}},"1":{"start":{"line":2,"column":26},"end":{"line":2,"column":58}},"2":{"start":{"line":4,"column":0},"end":{"line":4,"column":57}}},"fnMap":{},"branchMap":{},"s":{"0":1,"1":1,"2":1},"f":{},"b":{},"_coverageSchema":"1a1c01bbd47fc00a2c39e90264f33305004495a9","hash":"647f4b97ebda33b9325694ddc51079dada653b2e"}
,"C:\\workbspace\\node-clean-arch\\utils\\erros\\invalid-param-error.js": {"path":"C:\\workbspace\\node-clean-arch\\utils\\erros\\invalid-param-error.js","statementMap":{"0":{"start":{"line":1,"column":0},"end":{"line":6,"column":1}},"1":{"start":{"line":3,"column":4},"end":{"line":3,"column":40}},"2":{"start":{"line":4,"column":4},"end":{"line":4,"column":35}}},"fnMap":{"0":{"name":"(anonymous_0)","decl":{"start":{"line":2,"column":2},"end":{"line":2,"column":3}},"loc":{"start":{"line":2,"column":26},"end":{"line":5,"column":3}},"line":2}},"branchMap":{},"s":{"0":2,"1":1,"2":1},"f":{"0":1},"b":{},"_coverageSchema":"1a1c01bbd47fc00a2c39e90264f33305004495a9","hash":"ddd58fe9c91e95ce376134b00a37fad9ad3e5070"}
,"C:\\workbspace\\node-clean-arch\\utils\\erros\\missing-param-error.js": {"path":"C:\\workbspace\\node-clean-arch\\utils\\erros\\missing-param-error.js","statementMap":{"0":{"start":{"line":1,"column":0},"end":{"line":6,"column":1}},"1":{"start":{"line":3,"column":4},"end":{"line":3,"column":40}},"2":{"start":{"line":4,"column":4},"end":{"line":4,"column":35}}},"fnMap":{"0":{"name":"(anonymous_0)","decl":{"start":{"line":2,"column":2},"end":{"line":2,"column":3}},"loc":{"start":{"line":2,"column":26},"end":{"line":5,"column":3}},"line":2}},"branchMap":{},"s":{"0":2,"1":10,"2":10},"f":{"0":10},"b":{},"_coverageSchema":"1a1c01bbd47fc00a2c39e90264f33305004495a9","hash":"58d0178242ee09e0bb64491e0325eec881890997"}
}
