{"C:\\workbspace\\node-clean-arch\\src\\presentation\\errors\\index.js": {"path":"C:\\workbspace\\node-clean-arch\\src\\presentation\\errors\\index.js","statementMap":{"0":{"start":{"line":1,"column":26},"end":{"line":1,"column":77}},"1":{"start":{"line":2,"column":26},"end":{"line":2,"column":77}},"2":{"start":{"line":3,"column":26},"end":{"line":3,"column":65}},"3":{"start":{"line":4,"column":20},"end":{"line":4,"column":53}},"4":{"start":{"line":6,"column":0},"end":{"line":11,"column":1}}},"fnMap":{},"branchMap":{},"s":{"0":1,"1":1,"2":1,"3":1,"4":1},"f":{},"b":{},"_coverageSchema":"1a1c01bbd47fc00a2c39e90264f33305004495a9","hash":"e0c4f9aa26ef12ecde72c26f4fc3ed9695b28ca4"}
}
