TN:
SF:src\presentation\helpers\http-responses.js
FN:5,(anonymous_0)
FN:12,(anonymous_1)
FN:18,(anonymous_2)
FN:24,(anonymous_3)
FN:31,(anonymous_4)
FNF:5
FNH:3
FNDA:2,(anonymous_0)
FNDA:4,(anonymous_1)
FNDA:0,(anonymous_2)
FNDA:2,(anonymous_3)
FNDA:0,(anonymous_4)
DA:1,1
DA:2,1
DA:4,1
DA:6,2
DA:13,4
DA:19,0
DA:25,2
DA:32,0
LF:8
LH:6
BRF:0
BRH:0
end_of_record
TN:
SF:src\presentation\helpers\missing-param-error.js
FN:2,(anonymous_0)
FNF:1
FNH:1
FNDA:4,(anonymous_0)
DA:1,1
DA:3,4
DA:4,4
LF:3
LH:3
BRF:0
BRH:0
end_of_record
TN:
SF:src\presentation\helpers\unauthorized-error.js
FN:2,(anonymous_0)
FNF:1
FNH:1
FNDA:3,(anonymous_0)
DA:1,1
DA:3,3
DA:4,3
LF:3
LH:3
BRF:0
BRH:0
end_of_record
TN:
SF:src\presentation\routers\login-router.js
FN:4,(anonymous_0)
FN:8,(anonymous_1)
FNF:2
FNH:2
FNDA:8,(anonymous_0)
FNDA:8,(anonymous_1)
DA:1,1
DA:3,1
DA:5,8
DA:9,8
DA:10,1
DA:12,7
DA:13,1
DA:15,6
DA:16,1
DA:18,5
DA:19,1
DA:23,4
DA:24,1
DA:26,3
DA:27,1
DA:29,2
DA:30,2
LF:17
LH:17
BRDA:9,0,0,1
BRDA:9,0,1,7
BRDA:12,1,0,1
BRDA:12,1,1,6
BRDA:15,2,0,1
BRDA:15,2,1,5
BRDA:18,3,0,1
BRDA:18,3,1,4
BRDA:23,4,0,1
BRDA:23,4,1,3
BRDA:26,5,0,1
BRDA:26,5,1,2
BRF:12
BRH:12
end_of_record
