TN:
SF:src\presentation\helpers\http-responses.js
FN:3,(anonymous_0)
FN:10,(anonymous_1)
FN:16,(anonymous_2)
FNF:3
FNH:2
FNDA:2,(anonymous_0)
FNDA:2,(anonymous_1)
FNDA:0,(anonymous_2)
DA:1,1
DA:2,1
DA:4,2
DA:11,2
DA:17,0
LF:5
LH:4
BRF:0
BRH:0
end_of_record
TN:
SF:src\presentation\helpers\missing-param-error.js
FN:2,(anonymous_0)
FNF:1
FNH:1
FNDA:4,(anonymous_0)
DA:1,1
DA:3,4
DA:4,4
LF:3
LH:3
BRF:0
BRH:0
end_of_record
TN:
SF:src\presentation\routers\login-router.js
FN:4,(anonymous_0)
FN:8,(anonymous_1)
FNF:2
FNH:2
FNDA:5,(anonymous_0)
FNDA:5,(anonymous_1)
DA:1,1
DA:3,1
DA:5,5
DA:9,5
DA:10,1
DA:12,4
DA:13,1
DA:16,3
DA:17,3
DA:18,1
DA:20,2
DA:21,1
DA:23,1
LF:13
LH:13
BRDA:9,0,0,1
BRDA:9,0,1,4
BRDA:12,1,0,1
BRDA:12,1,1,3
BRDA:16,2,0,3
BRDA:16,2,1,0
BRDA:17,3,0,1
BRDA:17,3,1,2
BRDA:20,4,0,1
BRDA:20,4,1,1
BRF:10
BRH:9
end_of_record
